<?xml version="1.0" encoding="UTF-8"?>
<!-- Generated by org.testng.reporters.JUnitReportReporter -->
<testsuite hostname="SupriyaKole" failures="0" tests="1" name="testngDemo.DialNumberPOCO" time="131.648" errors="0" timestamp="2022-07-26T20:30:06 IST" skipped="0">
  <testcase classname="testngDemo.DialNumberPOCO" name="DialTestPoco" time="131.648"/>
  <system-out/>
</testsuite> <!-- testngDemo.DialNumberPOCO -->
