<?xml version="1.0" encoding="UTF-8"?>
<!-- Generated by org.testng.reporters.JUnitReportReporter -->
<testsuite hostname="SupriyaKole" failures="0" tests="1" name="testngDemo.TimeSpinner" time="183.475" errors="0" timestamp="2022-07-26T20:30:06 IST" skipped="0">
  <testcase classname="testngDemo.TimeSpinner" name="sampleTest" time="183.475"/>
  <system-out/>
</testsuite> <!-- testngDemo.TimeSpinner -->
